2025-05-24 21:47:40.672: [INFO] VisibilityChanged: 0
2025-05-24 21:47:40.699: [INFO] RecordSyncInitDuration has_sync_been_enabled: 0 state: 0
2025-05-24 21:47:40.700: [INFO] RecordSyncInitDuration has_sync_been_enabled: 0 state: 0
2025-05-24 21:47:40.700: [INFO] RecordSyncInitDuration has_sync_been_enabled: 0 state: 0
2025-05-24 21:47:40.701: [INFO] RecordSyncInitDuration has_sync_been_enabled: 0 state: 0
2025-05-24 21:47:40.701: [INFO] RecordSyncInitDuration has_sync_been_enabled: 0 state: 0
2025-05-24 21:47:40.701: [INFO] RecordSyncInitDuration has_sync_been_enabled: 0 state: 0
2025-05-24 21:47:40.702: [INFO] RecordSyncInitDuration has_sync_been_enabled: 0 state: 0
2025-05-24 21:47:40.702: [INFO] RecordSyncInitDuration has_sync_been_enabled: 0 state: 0
2025-05-24 21:47:40.702: [INFO] RecordSyncInitDuration has_sync_been_enabled: 0 state: 0
2025-05-24 21:47:40.703: [INFO] RecordSyncInitDuration has_sync_been_enabled: 0 state: 0
2025-05-24 21:47:40.703: [INFO] RecordSyncInitDuration has_sync_been_enabled: 0 state: 0
2025-05-24 21:47:40.708: [INFO] BookmarkModelLoaded, ids_reassigned: 0
2025-05-24 21:47:40.708: [INFO] OnDoneLoading sync enabled: 0
2025-05-24 21:47:40.710: [INFO] RecordSyncInitDuration has_sync_been_enabled: 0 state: 0
2025-05-24 21:47:41.137: [INFO] RecordSyncInitDuration has_sync_been_enabled: 0 state: 0
2025-05-24 21:47:41.138: [INFO] Primary account changed.
2025-05-24 21:47:41.138: [INFO] OnPrimaryAccountChanged PrimaryAccountChangeEvent::Type::kSet
2025-05-24 21:47:41.139: [INFO] RecordSyncInitDuration has_sync_been_enabled: 0 state: 0
2025-05-24 21:47:41.139: [INFO] RecordSyncInitDuration has_sync_been_enabled: 0 state: 0
